11:04:30 INFO  o.a.gretty.TomcatServerStartInfo - Tomcat 8.0.23 started and listening on port 8080
11:04:30 INFO  o.a.gretty.TomcatServerStartInfo - rest runs at:
11:04:30 INFO  o.a.gretty.TomcatServerStartInfo -   http://localhost:8080/rest
11:22:44 INFO  /rest - Spring WebApplicationInitializers detected on classpath: [com.tescobank.rbac.rest.config.AppInitializer@2ec48b10]
11:22:45 INFO  /rest - Initializing Spring root WebApplicationContext
11:22:48 INFO  /rest - Initializing Spring FrameworkServlet 'dispatcher'
11:22:49 INFO  o.a.gretty.JettyServerStartInfo - Jetty 9.2.10.v20150310 started and listening on port 8080
11:22:49 INFO  o.a.gretty.JettyServerStartInfo - rest runs at:
11:22:49 INFO  o.a.gretty.JettyServerStartInfo -   http://localhost:8080/rest
11:34:40 INFO  o.a.gretty.TomcatServerStartInfo - Tomcat 8.0.23 started and listening on port 8080
11:34:40 INFO  o.a.gretty.TomcatServerStartInfo - rest runs at:
11:34:40 INFO  o.a.gretty.TomcatServerStartInfo -   http://localhost:8080/rest
11:39:38 INFO  o.a.gretty.TomcatServerStartInfo - Tomcat 8.0.23 started and listening on port 8080
11:39:38 INFO  o.a.gretty.TomcatServerStartInfo - rest runs at:
11:39:38 INFO  o.a.gretty.TomcatServerStartInfo -   http://localhost:8080/rest
11:46:58 INFO  o.a.gretty.TomcatServerStartInfo - Tomcat 8.0.23 started and listening on port 8080
11:46:58 INFO  o.a.gretty.TomcatServerStartInfo - rest runs at:
11:46:58 INFO  o.a.gretty.TomcatServerStartInfo -   http://localhost:8080/rest
11:49:28 INFO  o.a.gretty.TomcatServerStartInfo - Tomcat 8.0.23 started and listening on port 8080
11:49:28 INFO  o.a.gretty.TomcatServerStartInfo - rest runs at:
11:49:28 INFO  o.a.gretty.TomcatServerStartInfo -   http://localhost:8080/rest
11:54:37 INFO  o.a.gretty.TomcatServerStartInfo - Tomcat 8.0.23 started and listening on port 8080
11:54:37 INFO  o.a.gretty.TomcatServerStartInfo - rest runs at:
11:54:37 INFO  o.a.gretty.TomcatServerStartInfo -   http://localhost:8080/rest
